<?xml version="1.0" encoding="UTF-8"?>
<testng-results skipped="0" failed="0" total="1" passed="1">
  <reporter-output>
  </reporter-output>
  <suite name="Default suite" duration-ms="39265" started-at="2018-07-21T06:22:23Z" finished-at="2018-07-21T06:23:02Z">
    <groups>
    </groups>
    <test name="Default test" duration-ms="39265" started-at="2018-07-21T06:22:23Z" finished-at="2018-07-21T06:23:02Z">
      <class name="com.freecrm.test.ContactPageTest">
        <test-method status="PASS" signature="openApp()[pri:0, instance:com.freecrm.test.ContactPageTest@548e7350]" name="openApp" is-config="true" duration-ms="12409" started-at="2018-07-21T11:52:24Z" finished-at="2018-07-21T11:52:36Z">
          <reporter-output>
          </reporter-output>
        </test-method> <!-- openApp -->
        <test-method status="PASS" signature="createContactAndVerify(java.util.Hashtable)[pri:0, instance:com.freecrm.test.ContactPageTest@548e7350]" name="createContactAndVerify" duration-ms="25776" started-at="2018-07-21T11:52:36Z" data-provider="getcreateContactAndVerifydata" finished-at="2018-07-21T11:53:02Z">
          <params>
            <param index="0">
              <value>
                <![CDATA[{Clname=Bharat, Cfname=Fita}]]>
              </value>
            </param>
          </params>
          <reporter-output>
          </reporter-output>
        </test-method> <!-- createContactAndVerify -->
      </class> <!-- com.freecrm.test.ContactPageTest -->
    </test> <!-- Default test -->
  </suite> <!-- Default suite -->
</testng-results>
